<?xml version="1.0" encoding="UTF-8"?>
<ehcache xmlns:xsi="http://www.w3.org/2001/XMLSchema-instance" xsi:noNamespaceSchemaLocation="http://ehcache.org/ehcache.xsd">

    <diskStore path="java.io.tmpdir" />

    <cache name="cacheVOValue"
           maxElementsInMemory="100"
           maxElementsOnDisk="500"
           eternal="false"
           timeToIdleSeconds="300"
           timeToLiveSeconds="300"
           diskPersistent="false"
           memoryStoreEvictionPolicy="LRU" />

</ehcache>